<?xml version="1.0" encoding="UTF-8"?>
<!-- Generated by org.testng.reporters.JUnitReportReporter -->
<testsuite hostname="HUBLAPINDCE-018" failures="0" tests="1" name="aTests.RegisterPageTest" time="27.975" errors="0" timestamp="2023-01-06T13:08:45 IST" skipped="0">
  <testcase classname="aTests.RegisterPageTest" name="VerifyRegisterPageTitleTest" time="27.975"/>
  <system-out/>
</testsuite> <!-- aTests.RegisterPageTest -->
