<?xml version="1.0" encoding="UTF-8"?>
<!-- Generated by org.testng.reporters.JUnitReportReporter -->
<testsuite hostname="HUBLAPINDCE-018" failures="0" tests="1" name="test.LoginPageTest" time="92.806" errors="0" timestamp="2022-12-06T13:23:52 IST" skipped="0">
  <testcase classname="test.LoginPageTest" name="LoginTest" time="92.806"/>
  <system-out/>
</testsuite> <!-- test.LoginPageTest -->
