<?xml version="1.0" encoding="UTF-8"?>
<!-- Generated by org.testng.reporters.JUnitReportReporter -->
<testsuite hostname="HUBLAPINDCE-018" failures="0" tests="2" name="aBaseTest.BaseTest" time="48.199" errors="0" timestamp="2023-01-05T14:41:53 IST" skipped="0">
  <testcase classname="aBaseTest.BaseTest" name="openBrowser" time="48.173"/>
  <system-out/>
  <testcase classname="aBaseTest.BaseTest" name="baseTest" time="0.026"/>
  <system-out/>
</testsuite> <!-- aBaseTest.BaseTest -->
