<?xml version="1.0" encoding="UTF-8"?>
<!-- Generated by org.testng.reporters.JUnitReportReporter -->
<testsuite hostname="HUBLAPINDCE-018" failures="0" tests="4" name="practice.TestNgGroups" time="0.056" errors="0" timestamp="2023-01-04T22:33:43 IST" skipped="0">
  <testcase classname="practice.TestNgGroups" name="test4" time="0.004"/>
  <system-out/>
  <testcase classname="practice.TestNgGroups" name="test2" time="0.006"/>
  <system-out/>
  <testcase classname="practice.TestNgGroups" name="test3" time="0.005"/>
  <system-out/>
  <testcase classname="practice.TestNgGroups" name="test1" time="0.041"/>
  <system-out/>
</testsuite> <!-- practice.TestNgGroups -->
