<?xml version="1.0" encoding="UTF-8"?>
<!-- Generated by org.testng.reporters.JUnitReportReporter -->
<testsuite hostname="HUBLAPINDCE-018" failures="0" tests="3" name="test.HomePageTest" time="116.093" errors="0" timestamp="2022-11-25T13:44:14 IST" skipped="0">
  <testcase classname="test.HomePageTest" name="VerifyUserProfile" time="44.509"/>
  <system-out/>
  <testcase classname="test.HomePageTest" name="VerifyTitle" time="34.348"/>
  <system-out/>
  <testcase classname="test.HomePageTest" name="VerifyMobImg" time="37.236"/>
  <system-out/>
</testsuite> <!-- test.HomePageTest -->
