<?xml version="1.0" encoding="UTF-8"?>
<!-- Generated by org.testng.reporters.JUnitReportReporter -->
<testsuite hostname="HUBLAPINDCE-018" failures="0" tests="3" name="test.HomePageTest" time="210.797" errors="0" timestamp="2022-11-29T10:59:29 IST" skipped="0">
  <testcase classname="test.HomePageTest" name="VerifyMobImgTest" time="115.773"/>
  <system-out/>
  <testcase classname="test.HomePageTest" name="VerifyTitleTest" time="44.520"/>
  <system-out/>
  <testcase classname="test.HomePageTest" name="VerifyUserProfileTest" time="50.504"/>
  <system-out/>
</testsuite> <!-- test.HomePageTest -->
