<?xml version="1.0" encoding="UTF-8"?>
<!-- Generated by org.testng.reporters.JUnitReportReporter -->
<testsuite hostname="HUBLAPINDCE-018" failures="0" tests="1" name="practice.LinksTest" time="84.650" errors="0" timestamp="2023-01-16T14:32:15 IST" skipped="0">
  <testcase classname="practice.LinksTest" name="links" time="84.650"/>
  <system-out/>
</testsuite> <!-- practice.LinksTest -->
