<?xml version="1.0" encoding="UTF-8"?>
<!-- Generated by org.testng.reporters.JUnitReportReporter -->
<testsuite hostname="HUBLAPINDCE-018" failures="0" tests="3" name="aTests.HomePageTest" time="46.373" errors="0" timestamp="2023-01-06T14:20:47 IST" skipped="2">
  <testcase classname="aTests.HomePageTest" name="cssVerify" time="46.373"/>
  <system-out/>
  <testcase classname="aTests.HomePageTest" name="PracticePageVerify">
    <skipped/>
  </testcase> <!-- PracticePageVerify -->
  <system-out/>
  <testcase classname="aTests.HomePageTest" name="VerifyHomePageTest">
    <skipped/>
  </testcase> <!-- VerifyHomePageTest -->
  <system-out/>
</testsuite> <!-- aTests.HomePageTest -->
