<?xml version="1.0" encoding="UTF-8"?>
<!-- Generated by org.testng.reporters.JUnitReportReporter -->
<testsuite hostname="HUBLAPINDCE-018" failures="0" tests="2" name="practice.SimpleClass" time="0.047" errors="0" timestamp="2022-12-24T22:29:10 IST" skipped="0">
  <testcase classname="practice.SimpleClass" name="LoginTest2" time="0.017"/>
  <system-out/>
  <testcase classname="practice.SimpleClass" name="LoginTest1" time="0.030"/>
  <system-out/>
</testsuite> <!-- practice.SimpleClass -->
