<?xml version="1.0" encoding="UTF-8"?>
<!-- Generated by org.testng.reporters.JUnitReportReporter -->
<testsuite hostname="HUBLAPINDCE-018" failures="0" tests="1" name="practice.BrowserTest" time="43.313" errors="0" timestamp="2023-01-23T12:50:44 IST" skipped="0">
  <testcase classname="practice.BrowserTest" name="OpenFireFoxBrowser" time="43.313"/>
  <system-out/>
</testsuite> <!-- practice.BrowserTest -->
