<?xml version="1.0" encoding="UTF-8"?>
<!-- Generated by org.testng.reporters.JUnitReportReporter -->
<testsuite hostname="HUBLAPINDCE-018" failures="0" tests="1" name="practice.TestNgGroups" time="0.027" errors="0" timestamp="2022-12-14T20:25:39 IST" skipped="0">
  <testcase classname="practice.TestNgGroups" name="test1" time="0.027"/>
  <system-out/>
</testsuite> <!-- practice.TestNgGroups -->
