<?xml version="1.0" encoding="UTF-8"?>
<!-- Generated by org.testng.reporters.JUnitReportReporter -->
<testsuite hostname="HUBLAPINDCE-018" failures="0" tests="6" name="practice.DatProvider" time="0.259" errors="0" timestamp="2022-12-24T19:40:26 IST" skipped="0">
  <testcase classname="practice.DatProvider" name="LoginTest3" time="0.013"/>
  <system-out/>
  <testcase classname="practice.DatProvider" name="LoginTest1" time="0.202"/>
  <system-out/>
  <testcase classname="practice.DatProvider" name="LoginTest4" time="0.005"/>
  <system-out/>
  <testcase classname="practice.DatProvider" name="LoginTest3" time="0.019"/>
  <system-out/>
  <testcase classname="practice.DatProvider" name="LoginTest3" time="0.008"/>
  <system-out/>
  <testcase classname="practice.DatProvider" name="LoginTest2" time="0.012"/>
  <system-out/>
</testsuite> <!-- practice.DatProvider -->
